<?xml version="1.0" encoding="UTF-8"?>
<testsuite xmlns:xsi="http://www.w3.org/2001/XMLSchema-instance" xsi:noNamespaceSchemaLocation="https://maven.apache.org/surefire/maven-surefire-plugin/xsd/surefire-test-report.xsd" name="xyz.clxrity.PluginTest" time="0.175" tests="1" errors="0" skipped="0" failures="0">
  <properties>
    <property name="java.specification.version" value="19"/>
    <property name="sun.jnu.encoding" value="UTF-8"/>
    <property name="java.class.path" value="/Users/mjanglin/Desktop/stuff/projects/easyuuid/easyuuid/target/test-classes:/Users/mjanglin/Desktop/stuff/projects/easyuuid/easyuuid/target/classes:/Users/mjanglin/.m2/repository/junit/junit/4.11/junit-4.11.jar:/Users/mjanglin/.m2/repository/org/hamcrest/hamcrest-core/1.3/hamcrest-core-1.3.jar:/Users/mjanglin/.m2/repository/org/spigotmc/spigot-api/1.15.1-R0.1-SNAPSHOT/spigot-api-1.15.1-R0.1-SNAPSHOT.jar:/Users/mjanglin/.m2/repository/commons-lang/commons-lang/2.6/commons-lang-2.6.jar:/Users/mjanglin/.m2/repository/com/google/guava/guava/21.0/guava-21.0.jar:/Users/mjanglin/.m2/repository/com/google/code/gson/gson/2.8.0/gson-2.8.0.jar:/Users/mjanglin/.m2/repository/net/md-5/bungeecord-chat/1.13-SNAPSHOT/bungeecord-chat-1.13-SNAPSHOT.jar:/Users/mjanglin/.m2/repository/org/yaml/snakeyaml/1.25/snakeyaml-1.25.jar:"/>
    <property name="java.vm.vendor" value="Homebrew"/>
    <property name="sun.arch.data.model" value="64"/>
    <property name="java.vendor.url" value="https://github.com/Homebrew/homebrew-core/issues"/>
    <property name="os.name" value="Mac OS X"/>
    <property name="java.vm.specification.version" value="19"/>
    <property name="sun.java.launcher" value="SUN_STANDARD"/>
    <property name="user.country" value="US"/>
    <property name="sun.boot.library.path" value="/usr/local/Cellar/openjdk/19/libexec/openjdk.jdk/Contents/Home/lib"/>
    <property name="sun.java.command" value="/Users/mjanglin/Desktop/stuff/projects/easyuuid/easyuuid/target/surefire/surefirebooter16393570302978714780.jar /Users/mjanglin/Desktop/stuff/projects/easyuuid/easyuuid/target/surefire 2022-10-16T18-52-07_870-jvmRun1 surefire15971631939577285268tmp surefire_016562532672576955036tmp"/>
    <property name="http.nonProxyHosts" value="local|*.local|169.254/16|*.169.254/16"/>
    <property name="jdk.debug" value="release"/>
    <property name="surefire.test.class.path" value="/Users/mjanglin/Desktop/stuff/projects/easyuuid/easyuuid/target/test-classes:/Users/mjanglin/Desktop/stuff/projects/easyuuid/easyuuid/target/classes:/Users/mjanglin/.m2/repository/junit/junit/4.11/junit-4.11.jar:/Users/mjanglin/.m2/repository/org/hamcrest/hamcrest-core/1.3/hamcrest-core-1.3.jar:/Users/mjanglin/.m2/repository/org/spigotmc/spigot-api/1.15.1-R0.1-SNAPSHOT/spigot-api-1.15.1-R0.1-SNAPSHOT.jar:/Users/mjanglin/.m2/repository/commons-lang/commons-lang/2.6/commons-lang-2.6.jar:/Users/mjanglin/.m2/repository/com/google/guava/guava/21.0/guava-21.0.jar:/Users/mjanglin/.m2/repository/com/google/code/gson/gson/2.8.0/gson-2.8.0.jar:/Users/mjanglin/.m2/repository/net/md-5/bungeecord-chat/1.13-SNAPSHOT/bungeecord-chat-1.13-SNAPSHOT.jar:/Users/mjanglin/.m2/repository/org/yaml/snakeyaml/1.25/snakeyaml-1.25.jar:"/>
    <property name="sun.cpu.endian" value="little"/>
    <property name="user.home" value="/Users/mjanglin"/>
    <property name="user.language" value="en"/>
    <property name="java.specification.vendor" value="Oracle Corporation"/>
    <property name="java.version.date" value="2022-09-20"/>
    <property name="java.home" value="/usr/local/Cellar/openjdk/19/libexec/openjdk.jdk/Contents/Home"/>
    <property name="file.separator" value="/"/>
    <property name="basedir" value="/Users/mjanglin/Desktop/stuff/projects/easyuuid/easyuuid"/>
    <property name="java.vm.compressedOopsMode" value="Zero based"/>
    <property name="line.separator" value="&#10;"/>
    <property name="java.vm.specification.vendor" value="Oracle Corporation"/>
    <property name="java.specification.name" value="Java Platform API Specification"/>
    <property name="apple.awt.application.name" value="ForkedBooter"/>
    <property name="surefire.real.class.path" value="/Users/mjanglin/Desktop/stuff/projects/easyuuid/easyuuid/target/surefire/surefirebooter16393570302978714780.jar"/>
    <property name="sun.management.compiler" value="HotSpot 64-Bit Tiered Compilers"/>
    <property name="ftp.nonProxyHosts" value="local|*.local|169.254/16|*.169.254/16"/>
    <property name="java.runtime.version" value="19"/>
    <property name="user.name" value="mjanglin"/>
    <property name="stdout.encoding" value="UTF-8"/>
    <property name="path.separator" value=":"/>
    <property name="os.version" value="12.6"/>
    <property name="java.runtime.name" value="OpenJDK Runtime Environment"/>
    <property name="file.encoding" value="UTF-8"/>
    <property name="java.vm.name" value="OpenJDK 64-Bit Server VM"/>
    <property name="java.vendor.version" value="Homebrew"/>
    <property name="localRepository" value="/Users/mjanglin/.m2/repository"/>
    <property name="java.vendor.url.bug" value="https://github.com/Homebrew/homebrew-core/issues"/>
    <property name="java.io.tmpdir" value="/var/folders/z9/mthn8jr53vnc4k72y4sqzs6h0000gn/T/"/>
    <property name="java.version" value="19"/>
    <property name="user.dir" value="/Users/mjanglin/Desktop/stuff/projects/easyuuid/easyuuid"/>
    <property name="os.arch" value="x86_64"/>
    <property name="java.vm.specification.name" value="Java Virtual Machine Specification"/>
    <property name="native.encoding" value="UTF-8"/>
    <property name="java.library.path" value="/Users/mjanglin/Library/Java/Extensions:/Library/Java/Extensions:/Network/Library/Java/Extensions:/System/Library/Java/Extensions:/usr/lib/java:."/>
    <property name="java.vm.info" value="mixed mode, sharing"/>
    <property name="stderr.encoding" value="UTF-8"/>
    <property name="java.vendor" value="Homebrew"/>
    <property name="java.vm.version" value="19"/>
    <property name="sun.io.unicode.encoding" value="UnicodeBig"/>
    <property name="socksNonProxyHosts" value="local|*.local|169.254/16|*.169.254/16"/>
    <property name="java.class.version" value="63.0"/>
  </properties>
  <testcase name="shouldAnswerWithTrue" classname="xyz.clxrity.PluginTest" time="0.007"/>
</testsuite>